host:10.94.64.67
USER       PID %CPU %MEM    VSZ   RSS TTY      STAT START   TIME COMMAND
migrate  11928  0.1  0.1 498016 74336 ?        S    01:53   0:01 python loadPlayedAssets2S3.py cp-bookmark-monthly-container-local2 eu-west-1
migrate  12564  0.1  0.1 498276 74100 ?        S    01:57   0:01 python loadPlayedAssets2S3.py cp-bookmark-monthly-container-local2 eu-west-1
migrate  13691  0.1  0.1 498272 74140 ?        S    02:01   0:01 python loadPlayedAssets2S3.py cp-bookmark-monthly-container-local2 eu-west-1
root     13855  0.0  0.0   4336   720 ?        Ss   02:05   0:00 /bin/sh -c /bin/bash /data2/container_builds/prod/dockerized/load_local/weeks/checkS3ParallelPut.sh cp-bookmark-monthly-container-local2 eu-west-1 201803  10  > /data2/container_builds/prod/dockerized/load_local/weeks/checkS3ParallelPut.log.201803 2>&1
root     13882  0.0  0.0  13232  2892 ?        S    02:05   0:00 /bin/bash /data2/container_builds/prod/dockerized/load_local/weeks/checkS3ParallelPut.sh cp-bookmark-monthly-container-local2 eu-west-1 201803 10
root     13926  0.0  0.0  13232  2752 ?        S    02:05   0:00 /bin/bash /data2/container_builds/prod/dockerized/load_local/weeks/runS3ParallelPut.sh cp-bookmark-monthly-container-local2 eu-west-1 201803 10
root     13945  0.0  0.0 133636 19256 ?        S    02:05   0:00 /usr/bin/python /usr/local/bin/s3-parallel-put --bucket=cp-bookmark-monthly-container-local2 --bucket_region=eu-west-1 --processes=10 --put=stupid /stage/s3Data/201803/cp-bookmark-monthly-container-local2
root     14043  2.2  0.0 133928 18296 ?        Sl   02:05   0:11 /usr/bin/python /usr/local/bin/s3-parallel-put --bucket=cp-bookmark-monthly-container-local2 --bucket_region=eu-west-1 --processes=10 --put=stupid /stage/s3Data/201803/cp-bookmark-monthly-container-local2
root     14046  2.1  0.0 133916 18288 ?        Sl   02:05   0:11 /usr/bin/python /usr/local/bin/s3-parallel-put --bucket=cp-bookmark-monthly-container-local2 --bucket_region=eu-west-1 --processes=10 --put=stupid /stage/s3Data/201803/cp-bookmark-monthly-container-local2
root     14063  1.9  0.0 134064 18392 ?        Sl   02:05   0:10 /usr/bin/python /usr/local/bin/s3-parallel-put --bucket=cp-bookmark-monthly-container-local2 --bucket_region=eu-west-1 --processes=10 --put=stupid /stage/s3Data/201803/cp-bookmark-monthly-container-local2
root     14064  1.8  0.0 134116 18420 ?        Sl   02:05   0:09 /usr/bin/python /usr/local/bin/s3-parallel-put --bucket=cp-bookmark-monthly-container-local2 --bucket_region=eu-west-1 --processes=10 --put=stupid /stage/s3Data/201803/cp-bookmark-monthly-container-local2
root     14065  2.2  0.0 134100 18384 ?        Sl   02:05   0:11 /usr/bin/python /usr/local/bin/s3-parallel-put --bucket=cp-bookmark-monthly-container-local2 --bucket_region=eu-west-1 --processes=10 --put=stupid /stage/s3Data/201803/cp-bookmark-monthly-container-local2
root     14066  2.0  0.0 133948 18368 ?        Sl   02:05   0:10 /usr/bin/python /usr/local/bin/s3-parallel-put --bucket=cp-bookmark-monthly-container-local2 --bucket_region=eu-west-1 --processes=10 --put=stupid /stage/s3Data/201803/cp-bookmark-monthly-container-local2
root     14067  1.9  0.0 134048 18444 ?        Sl   02:05   0:10 /usr/bin/python /usr/local/bin/s3-parallel-put --bucket=cp-bookmark-monthly-container-local2 --bucket_region=eu-west-1 --processes=10 --put=stupid /stage/s3Data/201803/cp-bookmark-monthly-container-local2
root     14068  2.2  0.0 134084 18380 ?        Sl   02:05   0:11 /usr/bin/python /usr/local/bin/s3-parallel-put --bucket=cp-bookmark-monthly-container-local2 --bucket_region=eu-west-1 --processes=10 --put=stupid /stage/s3Data/201803/cp-bookmark-monthly-container-local2
root     14069  1.9  0.0 133952 18340 ?        Sl   02:05   0:10 /usr/bin/python /usr/local/bin/s3-parallel-put --bucket=cp-bookmark-monthly-container-local2 --bucket_region=eu-west-1 --processes=10 --put=stupid /stage/s3Data/201803/cp-bookmark-monthly-container-local2
root     14070  0.3  0.0  59904 14688 ?        S    02:05   0:01 /usr/bin/python /usr/local/bin/s3-parallel-put --bucket=cp-bookmark-monthly-container-local2 --bucket_region=eu-west-1 --processes=10 --put=stupid /stage/s3Data/201803/cp-bookmark-monthly-container-local2
root     14214  0.0  0.0   4336   720 ?        Ss   02:10   0:00 /bin/sh -c /bin/bash /data2/container_builds/prod/dockerized/load_local/weeks/checkS3ParallelPut.sh cp-bookmark-monthly-container-local2 eu-west-1 201802  10  > /data2/container_builds/prod/dockerized/load_local/weeks/checkS3ParallelPut.log.201802 2>&1
root     14222  0.0  0.0  13232  3020 ?        S    02:10   0:00 /bin/bash /data2/container_builds/prod/dockerized/load_local/weeks/checkS3ParallelPut.sh cp-bookmark-monthly-container-local2 eu-west-1 201802 10
root     14321  0.0  0.0  13232  2748 ?        S    02:10   0:00 /bin/bash /data2/container_builds/prod/dockerized/load_local/weeks/runS3ParallelPut.sh cp-bookmark-monthly-container-local2 eu-west-1 201802 10
root     14328  0.0  0.0  59904 19312 ?        S    02:10   0:00 /usr/bin/python /usr/local/bin/s3-parallel-put --bucket=cp-bookmark-monthly-container-local2 --bucket_region=eu-west-1 --processes=10 --put=stupid /stage/s3Data/201802/cp-bookmark-monthly-container-local2
root     14434  1.2  0.0 147808 29564 ?        Sl   02:10   0:02 /usr/bin/python /usr/local/bin/s3-parallel-put --bucket=cp-bookmark-monthly-container-local2 --bucket_region=eu-west-1 --processes=10 --put=stupid /stage/s3Data/201802/cp-bookmark-monthly-container-local2
root     14436  1.9  0.0 133912 18424 ?        Sl   02:10   0:04 /usr/bin/python /usr/local/bin/s3-parallel-put --bucket=cp-bookmark-monthly-container-local2 --bucket_region=eu-west-1 --processes=10 --put=stupid /stage/s3Data/201802/cp-bookmark-monthly-container-local2
root     14437  1.4  0.0 133924 18364 ?        Sl   02:10   0:03 /usr/bin/python /usr/local/bin/s3-parallel-put --bucket=cp-bookmark-monthly-container-local2 --bucket_region=eu-west-1 --processes=10 --put=stupid /stage/s3Data/201802/cp-bookmark-monthly-container-local2
root     14438  1.5  0.0 133944 18452 ?        Sl   02:10   0:03 /usr/bin/python /usr/local/bin/s3-parallel-put --bucket=cp-bookmark-monthly-container-local2 --bucket_region=eu-west-1 --processes=10 --put=stupid /stage/s3Data/201802/cp-bookmark-monthly-container-local2
root     14439  1.6  0.0 134012 18424 ?        Sl   02:10   0:03 /usr/bin/python /usr/local/bin/s3-parallel-put --bucket=cp-bookmark-monthly-container-local2 --bucket_region=eu-west-1 --processes=10 --put=stupid /stage/s3Data/201802/cp-bookmark-monthly-container-local2
root     14440  1.4  0.0 134048 18432 ?        Sl   02:10   0:03 /usr/bin/python /usr/local/bin/s3-parallel-put --bucket=cp-bookmark-monthly-container-local2 --bucket_region=eu-west-1 --processes=10 --put=stupid /stage/s3Data/201802/cp-bookmark-monthly-container-local2
root     14441  1.1  0.0 134104 18436 ?        Sl   02:10   0:02 /usr/bin/python /usr/local/bin/s3-parallel-put --bucket=cp-bookmark-monthly-container-local2 --bucket_region=eu-west-1 --processes=10 --put=stupid /stage/s3Data/201802/cp-bookmark-monthly-container-local2
root     14442  1.8  0.0 133912 18376 ?        Sl   02:10   0:04 /usr/bin/python /usr/local/bin/s3-parallel-put --bucket=cp-bookmark-monthly-container-local2 --bucket_region=eu-west-1 --processes=10 --put=stupid /stage/s3Data/201802/cp-bookmark-monthly-container-local2
root     14443  1.5  0.0 133928 18404 ?        Sl   02:10   0:03 /usr/bin/python /usr/local/bin/s3-parallel-put --bucket=cp-bookmark-monthly-container-local2 --bucket_region=eu-west-1 --processes=10 --put=stupid /stage/s3Data/201802/cp-bookmark-monthly-container-local2
root     14444  1.2  0.0 133908 18352 ?        Sl   02:10   0:02 /usr/bin/python /usr/local/bin/s3-parallel-put --bucket=cp-bookmark-monthly-container-local2 --bucket_region=eu-west-1 --processes=10 --put=stupid /stage/s3Data/201802/cp-bookmark-monthly-container-local2
root     14446  0.2  0.0  59904 14720 ?        S    02:10   0:00 /usr/bin/python /usr/local/bin/s3-parallel-put --bucket=cp-bookmark-monthly-container-local2 --bucket_region=eu-west-1 --processes=10 --put=stupid /stage/s3Data/201802/cp-bookmark-monthly-container-local2
migrate  30517  7.9  0.7 877272 453592 ?       S    Jan17  12:19 python loadPlayedAssets2S3.py cp-bookmark-monthly-container-local2 eu-west-1
migrate  31807 12.0  0.7 877300 454168 ?       S    Jan17  16:54 python loadPlayedAssets2S3.py cp-bookmark-monthly-container-local2 eu-west-1
host:10.94.64.18
USER       PID %CPU %MEM    VSZ   RSS TTY      STAT START   TIME COMMAND
migrate  12631  4.3  0.7 877040 454384 ?       S    Jan17  14:59 python loadPlayedAssets2S3.py cp-bookmark-monthly-container-local2 eu-west-1
migrate  16245  4.7  0.7 877048 454368 ?       S    Jan17  15:28 python loadPlayedAssets2S3.py cp-bookmark-monthly-container-local2 eu-west-1
migrate  17732  7.3  0.7 877776 454568 ?       S    Jan17  23:20 python loadPlayedAssets2S3.py cp-bookmark-monthly-container-local2 eu-west-1
migrate  18865  5.4  0.7 877284 454564 ?       S    Jan17  16:44 python loadPlayedAssets2S3.py cp-bookmark-monthly-container-local2 eu-west-1
root     20324  0.0  0.0   4336   760 ?        Ss   02:00   0:00 /bin/sh -c /bin/bash /data2/container_builds/prod/dockerized/load_local/weeks/checkS3ParallelPut.sh cp-bookmark-monthly-container-local2 eu-west-1 201805 10  > /data2/container_builds/prod/dockerized/load_local/weeks/checkS3ParallelPut.log.201805 2>&1
root     20330  0.0  0.0   4336   804 ?        Ss   02:00   0:00 /bin/sh -c /bin/bash /data2/container_builds/prod/dockerized/load_local/weeks/checkS3ParallelPut.sh cp-bookmark-monthly-container-local2 eu-west-1 201809 10  > /data2/container_builds/prod/dockerized/load_local/weeks/checkS3ParallelPut.log.201809 2>&1
root     20332  0.0  0.0  13232  3012 ?        S    02:00   0:00 /bin/bash /data2/container_builds/prod/dockerized/load_local/weeks/checkS3ParallelPut.sh cp-bookmark-monthly-container-local2 eu-west-1 201809 10
root     20335  0.0  0.0  13232  2892 ?        S    02:00   0:00 /bin/bash /data2/container_builds/prod/dockerized/load_local/weeks/checkS3ParallelPut.sh cp-bookmark-monthly-container-local2 eu-west-1 201805 10
root     20425  0.0  0.0  13232  2636 ?        S    02:00   0:00 /bin/bash /data2/container_builds/prod/dockerized/load_local/weeks/runS3ParallelPut.sh cp-bookmark-monthly-container-local2 eu-west-1 201809 10
root     20433  0.0  0.0  13232  2756 ?        S    02:00   0:00 /bin/bash /data2/container_builds/prod/dockerized/load_local/weeks/runS3ParallelPut.sh cp-bookmark-monthly-container-local2 eu-west-1 201805 10
root     20452  0.0  0.0  59904 19224 ?        S    02:00   0:00 /usr/bin/python /usr/local/bin/s3-parallel-put --bucket=cp-bookmark-monthly-container-local2 --bucket_region=eu-west-1 --processes=10 --put=stupid /stage/s3Data/201805/cp-bookmark-monthly-container-local2
root     20453  0.0  0.0  59904 19124 ?        S    02:00   0:00 /usr/bin/python /usr/local/bin/s3-parallel-put --bucket=cp-bookmark-monthly-container-local2 --bucket_region=eu-west-1 --processes=10 --put=stupid /stage/s3Data/201809/cp-bookmark-monthly-container-local2
root     20578  1.7  0.0 153280 35004 ?        Sl   02:00   0:14 /usr/bin/python /usr/local/bin/s3-parallel-put --bucket=cp-bookmark-monthly-container-local2 --bucket_region=eu-west-1 --processes=10 --put=stupid /stage/s3Data/201805/cp-bookmark-monthly-container-local2
root     20579  2.4  0.0 134084 18524 ?        Sl   02:00   0:20 /usr/bin/python /usr/local/bin/s3-parallel-put --bucket=cp-bookmark-monthly-container-local2 --bucket_region=eu-west-1 --processes=10 --put=stupid /stage/s3Data/201805/cp-bookmark-monthly-container-local2
root     20580  2.3  0.0 134084 18548 ?        Sl   02:00   0:19 /usr/bin/python /usr/local/bin/s3-parallel-put --bucket=cp-bookmark-monthly-container-local2 --bucket_region=eu-west-1 --processes=10 --put=stupid /stage/s3Data/201805/cp-bookmark-monthly-container-local2
root     20581  2.4  0.0 134100 18484 ?        Sl   02:00   0:20 /usr/bin/python /usr/local/bin/s3-parallel-put --bucket=cp-bookmark-monthly-container-local2 --bucket_region=eu-west-1 --processes=10 --put=stupid /stage/s3Data/201805/cp-bookmark-monthly-container-local2
root     20582  2.2  0.0 134108 18488 ?        Sl   02:00   0:18 /usr/bin/python /usr/local/bin/s3-parallel-put --bucket=cp-bookmark-monthly-container-local2 --bucket_region=eu-west-1 --processes=10 --put=stupid /stage/s3Data/201805/cp-bookmark-monthly-container-local2
root     20583  2.3  0.0 133936 18436 ?        Sl   02:00   0:19 /usr/bin/python /usr/local/bin/s3-parallel-put --bucket=cp-bookmark-monthly-container-local2 --bucket_region=eu-west-1 --processes=10 --put=stupid /stage/s3Data/201805/cp-bookmark-monthly-container-local2
root     20584  2.5  0.0 133940 18420 ?        Sl   02:00   0:21 /usr/bin/python /usr/local/bin/s3-parallel-put --bucket=cp-bookmark-monthly-container-local2 --bucket_region=eu-west-1 --processes=10 --put=stupid /stage/s3Data/201805/cp-bookmark-monthly-container-local2
root     20585  2.2  0.0 134080 18488 ?        Sl   02:00   0:18 /usr/bin/python /usr/local/bin/s3-parallel-put --bucket=cp-bookmark-monthly-container-local2 --bucket_region=eu-west-1 --processes=10 --put=stupid /stage/s3Data/201805/cp-bookmark-monthly-container-local2
root     20586  2.6  0.0 134072 18512 ?        Sl   02:00   0:21 /usr/bin/python /usr/local/bin/s3-parallel-put --bucket=cp-bookmark-monthly-container-local2 --bucket_region=eu-west-1 --processes=10 --put=stupid /stage/s3Data/201805/cp-bookmark-monthly-container-local2
root     20587  2.5  0.0 134000 18492 ?        Sl   02:00   0:20 /usr/bin/python /usr/local/bin/s3-parallel-put --bucket=cp-bookmark-monthly-container-local2 --bucket_region=eu-west-1 --processes=10 --put=stupid /stage/s3Data/201805/cp-bookmark-monthly-container-local2
root     20589  0.3  0.0  59904 14696 ?        S    02:00   0:03 /usr/bin/python /usr/local/bin/s3-parallel-put --bucket=cp-bookmark-monthly-container-local2 --bucket_region=eu-west-1 --processes=10 --put=stupid /stage/s3Data/201805/cp-bookmark-monthly-container-local2
root     20590  1.6  0.0 139208 21396 ?        Sl   02:00   0:13 /usr/bin/python /usr/local/bin/s3-parallel-put --bucket=cp-bookmark-monthly-container-local2 --bucket_region=eu-west-1 --processes=10 --put=stupid /stage/s3Data/201809/cp-bookmark-monthly-container-local2
root     20591  2.2  0.0 134068 18420 ?        Sl   02:00   0:18 /usr/bin/python /usr/local/bin/s3-parallel-put --bucket=cp-bookmark-monthly-container-local2 --bucket_region=eu-west-1 --processes=10 --put=stupid /stage/s3Data/201809/cp-bookmark-monthly-container-local2
root     20592  2.4  0.0 134100 18424 ?        Sl   02:00   0:20 /usr/bin/python /usr/local/bin/s3-parallel-put --bucket=cp-bookmark-monthly-container-local2 --bucket_region=eu-west-1 --processes=10 --put=stupid /stage/s3Data/201809/cp-bookmark-monthly-container-local2
root     20593  2.4  0.0 134056 18428 ?        Sl   02:00   0:20 /usr/bin/python /usr/local/bin/s3-parallel-put --bucket=cp-bookmark-monthly-container-local2 --bucket_region=eu-west-1 --processes=10 --put=stupid /stage/s3Data/201809/cp-bookmark-monthly-container-local2
root     20594  2.5  0.0 133940 18344 ?        Sl   02:00   0:21 /usr/bin/python /usr/local/bin/s3-parallel-put --bucket=cp-bookmark-monthly-container-local2 --bucket_region=eu-west-1 --processes=10 --put=stupid /stage/s3Data/201809/cp-bookmark-monthly-container-local2
root     20595  2.4  0.0 133936 18396 ?        Sl   02:00   0:20 /usr/bin/python /usr/local/bin/s3-parallel-put --bucket=cp-bookmark-monthly-container-local2 --bucket_region=eu-west-1 --processes=10 --put=stupid /stage/s3Data/201809/cp-bookmark-monthly-container-local2
root     20596  2.3  0.0 134040 18424 ?        Sl   02:00   0:19 /usr/bin/python /usr/local/bin/s3-parallel-put --bucket=cp-bookmark-monthly-container-local2 --bucket_region=eu-west-1 --processes=10 --put=stupid /stage/s3Data/201809/cp-bookmark-monthly-container-local2
root     20597  2.3  0.0 133980 18368 ?        Sl   02:00   0:19 /usr/bin/python /usr/local/bin/s3-parallel-put --bucket=cp-bookmark-monthly-container-local2 --bucket_region=eu-west-1 --processes=10 --put=stupid /stage/s3Data/201809/cp-bookmark-monthly-container-local2
root     20598  2.4  0.0 133976 18376 ?        Sl   02:00   0:20 /usr/bin/python /usr/local/bin/s3-parallel-put --bucket=cp-bookmark-monthly-container-local2 --bucket_region=eu-west-1 --processes=10 --put=stupid /stage/s3Data/201809/cp-bookmark-monthly-container-local2
root     20599  2.4  0.0 134084 18432 ?        Sl   02:00   0:20 /usr/bin/python /usr/local/bin/s3-parallel-put --bucket=cp-bookmark-monthly-container-local2 --bucket_region=eu-west-1 --processes=10 --put=stupid /stage/s3Data/201809/cp-bookmark-monthly-container-local2
root     20600  2.2  0.0 133996 18476 ?        Sl   02:00   0:19 /usr/bin/python /usr/local/bin/s3-parallel-put --bucket=cp-bookmark-monthly-container-local2 --bucket_region=eu-west-1 --processes=10 --put=stupid /stage/s3Data/201809/cp-bookmark-monthly-container-local2
root     20601  0.4  0.0  59904 14628 ?        S    02:00   0:03 /usr/bin/python /usr/local/bin/s3-parallel-put --bucket=cp-bookmark-monthly-container-local2 --bucket_region=eu-west-1 --processes=10 --put=stupid /stage/s3Data/201809/cp-bookmark-monthly-container-local2
root     21493  0.0  0.0   4336   752 ?        Ss   02:10   0:00 /bin/sh -c /bin/bash /data2/container_builds/prod/dockerized/load_local/weeks/checkS3ParallelPut.sh cp-bookmark-monthly-container-local2 eu-west-1 201804 10  > /data2/container_builds/prod/dockerized/load_local/weeks/checkS3ParallelPut.log.201804 2>&1
root     21495  0.0  0.0   4336   708 ?        Ss   02:10   0:00 /bin/sh -c /bin/bash /data2/container_builds/prod/dockerized/load_local/weeks/checkS3ParallelPut.sh cp-bookmark-monthly-container-local2 eu-west-1 201807 10  > /data2/container_builds/prod/dockerized/load_local/weeks/checkS3ParallelPut.log.201807 2>&1
root     21497  0.0  0.0   4336   768 ?        Ss   02:10   0:00 /bin/sh -c /bin/bash /data2/container_builds/prod/dockerized/load_local/weeks/checkS3ParallelPut.sh cp-bookmark-monthly-container-local2 eu-west-1 201810 10  > /data2/container_builds/prod/dockerized/load_local/weeks/checkS3ParallelPut.log.201810 2>&1
root     21498  0.0  0.0  13232  2936 ?        S    02:10   0:00 /bin/bash /data2/container_builds/prod/dockerized/load_local/weeks/checkS3ParallelPut.sh cp-bookmark-monthly-container-local2 eu-west-1 201807 10
root     21499  0.0  0.0  13232  3016 ?        S    02:10   0:00 /bin/bash /data2/container_builds/prod/dockerized/load_local/weeks/checkS3ParallelPut.sh cp-bookmark-monthly-container-local2 eu-west-1 201804 10
root     21500  0.0  0.0  13232  3004 ?        S    02:10   0:00 /bin/bash /data2/container_builds/prod/dockerized/load_local/weeks/checkS3ParallelPut.sh cp-bookmark-monthly-container-local2 eu-west-1 201810 10
root     21501  0.0  0.0   4336   712 ?        Ss   02:10   0:00 /bin/sh -c /bin/bash /data2/container_builds/prod/dockerized/load_local/weeks/checkS3ParallelPut.sh cp-bookmark-monthly-container-local2 eu-west-1 201808 10  > /data2/container_builds/prod/dockerized/load_local/weeks/checkS3ParallelPut.log.201808 2>&1
root     21502  0.0  0.0  13232  2960 ?        S    02:10   0:00 /bin/bash /data2/container_builds/prod/dockerized/load_local/weeks/checkS3ParallelPut.sh cp-bookmark-monthly-container-local2 eu-west-1 201808 10
root     21530  0.0  0.0   4336   756 ?        Ss   02:10   0:00 /bin/sh -c /bin/bash /data2/container_builds/prod/dockerized/load_local/weeks/checkS3ParallelPut.sh cp-bookmark-monthly-container-local2 eu-west-1 201811 10  > /data2/container_builds/prod/dockerized/load_local/weeks/checkS3ParallelPut.log.201811 2>&1
root     21540  0.0  0.0  13232  3008 ?        S    02:10   0:00 /bin/bash /data2/container_builds/prod/dockerized/load_local/weeks/checkS3ParallelPut.sh cp-bookmark-monthly-container-local2 eu-west-1 201811 10
root     21569  0.0  0.0  13232  2688 ?        S    02:10   0:00 /bin/bash /data2/container_builds/prod/dockerized/load_local/weeks/runS3ParallelPut.sh cp-bookmark-monthly-container-local2 eu-west-1 201808 10
root     21575  0.0  0.0  13232  2660 ?        S    02:10   0:00 /bin/bash /data2/container_builds/prod/dockerized/load_local/weeks/runS3ParallelPut.sh cp-bookmark-monthly-container-local2 eu-west-1 201810 10
root     21583  0.0  0.0  13232  2636 ?        S    02:10   0:00 /bin/bash /data2/container_builds/prod/dockerized/load_local/weeks/runS3ParallelPut.sh cp-bookmark-monthly-container-local2 eu-west-1 201807 10
root     21585  0.0  0.0  59904 19136 ?        S    02:10   0:00 /usr/bin/python /usr/local/bin/s3-parallel-put --bucket=cp-bookmark-monthly-container-local2 --bucket_region=eu-west-1 --processes=10 --put=stupid /stage/s3Data/201810/cp-bookmark-monthly-container-local2
root     21587  0.0  0.0  59904 19132 ?        S    02:10   0:00 /usr/bin/python /usr/local/bin/s3-parallel-put --bucket=cp-bookmark-monthly-container-local2 --bucket_region=eu-west-1 --processes=10 --put=stupid /stage/s3Data/201808/cp-bookmark-monthly-container-local2
root     21588  0.0  0.0  13232  2744 ?        S    02:10   0:00 /bin/bash /data2/container_builds/prod/dockerized/load_local/weeks/runS3ParallelPut.sh cp-bookmark-monthly-container-local2 eu-west-1 201804 10
root     21591  0.0  0.0  59904 19252 ?        S    02:10   0:00 /usr/bin/python /usr/local/bin/s3-parallel-put --bucket=cp-bookmark-monthly-container-local2 --bucket_region=eu-west-1 --processes=10 --put=stupid /stage/s3Data/201807/cp-bookmark-monthly-container-local2
root     21592  0.0  0.0  59904 19204 ?        S    02:10   0:00 /usr/bin/python /usr/local/bin/s3-parallel-put --bucket=cp-bookmark-monthly-container-local2 --bucket_region=eu-west-1 --processes=10 --put=stupid /stage/s3Data/201804/cp-bookmark-monthly-container-local2
root     21594  0.0  0.0  13232  2680 ?        S    02:10   0:00 /bin/bash /data2/container_builds/prod/dockerized/load_local/weeks/runS3ParallelPut.sh cp-bookmark-monthly-container-local2 eu-west-1 201811 10
root     21606  0.0  0.0  59904 19276 ?        S    02:10   0:00 /usr/bin/python /usr/local/bin/s3-parallel-put --bucket=cp-bookmark-monthly-container-local2 --bucket_region=eu-west-1 --processes=10 --put=stupid /stage/s3Data/201811/cp-bookmark-monthly-container-local2
root     21631  1.9  0.0 154592 36016 ?        Sl   02:10   0:04 /usr/bin/python /usr/local/bin/s3-parallel-put --bucket=cp-bookmark-monthly-container-local2 --bucket_region=eu-west-1 --processes=10 --put=stupid /stage/s3Data/201804/cp-bookmark-monthly-container-local2
root     21632  2.1  0.0 133928 18376 ?        Sl   02:10   0:04 /usr/bin/python /usr/local/bin/s3-parallel-put --bucket=cp-bookmark-monthly-container-local2 --bucket_region=eu-west-1 --processes=10 --put=stupid /stage/s3Data/201804/cp-bookmark-monthly-container-local2
root     21633  2.2  0.0 133912 18296 ?        Sl   02:10   0:05 /usr/bin/python /usr/local/bin/s3-parallel-put --bucket=cp-bookmark-monthly-container-local2 --bucket_region=eu-west-1 --processes=10 --put=stupid /stage/s3Data/201804/cp-bookmark-monthly-container-local2
root     21634  2.3  0.0 133944 18352 ?        Sl   02:10   0:05 /usr/bin/python /usr/local/bin/s3-parallel-put --bucket=cp-bookmark-monthly-container-local2 --bucket_region=eu-west-1 --processes=10 --put=stupid /stage/s3Data/201804/cp-bookmark-monthly-container-local2
root     21635  2.0  0.0 133988 18352 ?        Sl   02:10   0:04 /usr/bin/python /usr/local/bin/s3-parallel-put --bucket=cp-bookmark-monthly-container-local2 --bucket_region=eu-west-1 --processes=10 --put=stupid /stage/s3Data/201804/cp-bookmark-monthly-container-local2
root     21636  1.7  0.0 146488 28288 ?        Sl   02:10   0:03 /usr/bin/python /usr/local/bin/s3-parallel-put --bucket=cp-bookmark-monthly-container-local2 --bucket_region=eu-west-1 --processes=10 --put=stupid /stage/s3Data/201808/cp-bookmark-monthly-container-local2
root     21637  2.2  0.0 133916 18420 ?        Sl   02:10   0:05 /usr/bin/python /usr/local/bin/s3-parallel-put --bucket=cp-bookmark-monthly-container-local2 --bucket_region=eu-west-1 --processes=10 --put=stupid /stage/s3Data/201804/cp-bookmark-monthly-container-local2
root     21638  2.2  0.0 133988 18224 ?        Sl   02:10   0:05 /usr/bin/python /usr/local/bin/s3-parallel-put --bucket=cp-bookmark-monthly-container-local2 --bucket_region=eu-west-1 --processes=10 --put=stupid /stage/s3Data/201808/cp-bookmark-monthly-container-local2
root     21639  2.4  0.0 133916 18388 ?        Rl   02:10   0:05 /usr/bin/python /usr/local/bin/s3-parallel-put --bucket=cp-bookmark-monthly-container-local2 --bucket_region=eu-west-1 --processes=10 --put=stupid /stage/s3Data/201804/cp-bookmark-monthly-container-local2
root     21640  2.3  0.0 133932 18224 ?        Sl   02:10   0:05 /usr/bin/python /usr/local/bin/s3-parallel-put --bucket=cp-bookmark-monthly-container-local2 --bucket_region=eu-west-1 --processes=10 --put=stupid /stage/s3Data/201808/cp-bookmark-monthly-container-local2
root     21641  2.1  0.0 133920 18360 ?        Sl   02:10   0:05 /usr/bin/python /usr/local/bin/s3-parallel-put --bucket=cp-bookmark-monthly-container-local2 --bucket_region=eu-west-1 --processes=10 --put=stupid /stage/s3Data/201804/cp-bookmark-monthly-container-local2
root     21643  1.8  0.0 133940 18392 ?        Sl   02:10   0:04 /usr/bin/python /usr/local/bin/s3-parallel-put --bucket=cp-bookmark-monthly-container-local2 --bucket_region=eu-west-1 --processes=10 --put=stupid /stage/s3Data/201804/cp-bookmark-monthly-container-local2
root     21644  2.5  0.0 133932 18128 ?        Sl   02:10   0:05 /usr/bin/python /usr/local/bin/s3-parallel-put --bucket=cp-bookmark-monthly-container-local2 --bucket_region=eu-west-1 --processes=10 --put=stupid /stage/s3Data/201808/cp-bookmark-monthly-container-local2
root     21645  2.2  0.0 133924 18360 ?        Sl   02:10   0:05 /usr/bin/python /usr/local/bin/s3-parallel-put --bucket=cp-bookmark-monthly-container-local2 --bucket_region=eu-west-1 --processes=10 --put=stupid /stage/s3Data/201804/cp-bookmark-monthly-container-local2
root     21646  1.8  0.0 133904 18200 ?        Sl   02:10   0:04 /usr/bin/python /usr/local/bin/s3-parallel-put --bucket=cp-bookmark-monthly-container-local2 --bucket_region=eu-west-1 --processes=10 --put=stupid /stage/s3Data/201808/cp-bookmark-monthly-container-local2
root     21648  1.8  0.0 133924 18264 ?        Sl   02:10   0:04 /usr/bin/python /usr/local/bin/s3-parallel-put --bucket=cp-bookmark-monthly-container-local2 --bucket_region=eu-west-1 --processes=10 --put=stupid /stage/s3Data/201808/cp-bookmark-monthly-container-local2
root     21649  0.3  0.0  59904 14788 ?        S    02:10   0:00 /usr/bin/python /usr/local/bin/s3-parallel-put --bucket=cp-bookmark-monthly-container-local2 --bucket_region=eu-west-1 --processes=10 --put=stupid /stage/s3Data/201804/cp-bookmark-monthly-container-local2
root     21650  2.1  0.0 133964 18192 ?        Sl   02:10   0:04 /usr/bin/python /usr/local/bin/s3-parallel-put --bucket=cp-bookmark-monthly-container-local2 --bucket_region=eu-west-1 --processes=10 --put=stupid /stage/s3Data/201808/cp-bookmark-monthly-container-local2
root     21651  1.8  0.0 133956 18220 ?        Sl   02:10   0:04 /usr/bin/python /usr/local/bin/s3-parallel-put --bucket=cp-bookmark-monthly-container-local2 --bucket_region=eu-west-1 --processes=10 --put=stupid /stage/s3Data/201808/cp-bookmark-monthly-container-local2
root     21652  2.4  0.0 133920 18204 ?        Rl   02:10   0:05 /usr/bin/python /usr/local/bin/s3-parallel-put --bucket=cp-bookmark-monthly-container-local2 --bucket_region=eu-west-1 --processes=10 --put=stupid /stage/s3Data/201808/cp-bookmark-monthly-container-local2
root     21653  1.4  0.0 133924 18176 ?        Sl   02:10   0:03 /usr/bin/python /usr/local/bin/s3-parallel-put --bucket=cp-bookmark-monthly-container-local2 --bucket_region=eu-west-1 --processes=10 --put=stupid /stage/s3Data/201808/cp-bookmark-monthly-container-local2
root     21654  0.2  0.0  59904 14692 ?        S    02:10   0:00 /usr/bin/python /usr/local/bin/s3-parallel-put --bucket=cp-bookmark-monthly-container-local2 --bucket_region=eu-west-1 --processes=10 --put=stupid /stage/s3Data/201808/cp-bookmark-monthly-container-local2
root     21655  1.7  0.0 146488 28364 ?        Sl   02:10   0:04 /usr/bin/python /usr/local/bin/s3-parallel-put --bucket=cp-bookmark-monthly-container-local2 --bucket_region=eu-west-1 --processes=10 --put=stupid /stage/s3Data/201807/cp-bookmark-monthly-container-local2
root     21656  2.2  0.0 133928 18368 ?        Rl   02:10   0:05 /usr/bin/python /usr/local/bin/s3-parallel-put --bucket=cp-bookmark-monthly-container-local2 --bucket_region=eu-west-1 --processes=10 --put=stupid /stage/s3Data/201807/cp-bookmark-monthly-container-local2
root     21657  1.6  0.0 134060 18412 ?        Sl   02:10   0:03 /usr/bin/python /usr/local/bin/s3-parallel-put --bucket=cp-bookmark-monthly-container-local2 --bucket_region=eu-west-1 --processes=10 --put=stupid /stage/s3Data/201807/cp-bookmark-monthly-container-local2
root     21658  1.6  0.0 134064 18432 ?        Sl   02:10   0:03 /usr/bin/python /usr/local/bin/s3-parallel-put --bucket=cp-bookmark-monthly-container-local2 --bucket_region=eu-west-1 --processes=10 --put=stupid /stage/s3Data/201807/cp-bookmark-monthly-container-local2
root     21659  1.3  0.0 133960 18336 ?        Sl   02:10   0:03 /usr/bin/python /usr/local/bin/s3-parallel-put --bucket=cp-bookmark-monthly-container-local2 --bucket_region=eu-west-1 --processes=10 --put=stupid /stage/s3Data/201807/cp-bookmark-monthly-container-local2
root     21660  2.1  0.0 133916 18380 ?        Sl   02:10   0:04 /usr/bin/python /usr/local/bin/s3-parallel-put --bucket=cp-bookmark-monthly-container-local2 --bucket_region=eu-west-1 --processes=10 --put=stupid /stage/s3Data/201807/cp-bookmark-monthly-container-local2
root     21661  1.9  0.0 133932 18360 ?        Sl   02:10   0:04 /usr/bin/python /usr/local/bin/s3-parallel-put --bucket=cp-bookmark-monthly-container-local2 --bucket_region=eu-west-1 --processes=10 --put=stupid /stage/s3Data/201807/cp-bookmark-monthly-container-local2
root     21662  2.3  0.0 133948 18336 ?        Rl   02:10   0:05 /usr/bin/python /usr/local/bin/s3-parallel-put --bucket=cp-bookmark-monthly-container-local2 --bucket_region=eu-west-1 --processes=10 --put=stupid /stage/s3Data/201807/cp-bookmark-monthly-container-local2
root     21663  1.8  0.0 134060 18408 ?        Sl   02:10   0:04 /usr/bin/python /usr/local/bin/s3-parallel-put --bucket=cp-bookmark-monthly-container-local2 --bucket_region=eu-west-1 --processes=10 --put=stupid /stage/s3Data/201807/cp-bookmark-monthly-container-local2
root     21664  1.7  0.0 133940 18336 ?        Sl   02:10   0:04 /usr/bin/python /usr/local/bin/s3-parallel-put --bucket=cp-bookmark-monthly-container-local2 --bucket_region=eu-west-1 --processes=10 --put=stupid /stage/s3Data/201807/cp-bookmark-monthly-container-local2
root     21665  1.8  0.0 134060 18300 ?        Sl   02:10   0:04 /usr/bin/python /usr/local/bin/s3-parallel-put --bucket=cp-bookmark-monthly-container-local2 --bucket_region=eu-west-1 --processes=10 --put=stupid /stage/s3Data/201807/cp-bookmark-monthly-container-local2
root     21666  0.3  0.0  59904 14788 ?        S    02:10   0:00 /usr/bin/python /usr/local/bin/s3-parallel-put --bucket=cp-bookmark-monthly-container-local2 --bucket_region=eu-west-1 --processes=10 --put=stupid /stage/s3Data/201807/cp-bookmark-monthly-container-local2
root     21667  1.8  0.0 145592 27348 ?        Sl   02:10   0:04 /usr/bin/python /usr/local/bin/s3-parallel-put --bucket=cp-bookmark-monthly-container-local2 --bucket_region=eu-west-1 --processes=10 --put=stupid /stage/s3Data/201810/cp-bookmark-monthly-container-local2
root     21668  2.5  0.0 133916 18208 ?        Sl   02:10   0:05 /usr/bin/python /usr/local/bin/s3-parallel-put --bucket=cp-bookmark-monthly-container-local2 --bucket_region=eu-west-1 --processes=10 --put=stupid /stage/s3Data/201810/cp-bookmark-monthly-container-local2
root     21669  2.1  0.0 133932 18256 ?        Sl   02:10   0:04 /usr/bin/python /usr/local/bin/s3-parallel-put --bucket=cp-bookmark-monthly-container-local2 --bucket_region=eu-west-1 --processes=10 --put=stupid /stage/s3Data/201810/cp-bookmark-monthly-container-local2
root     21670  2.1  0.0 133904 18212 ?        Sl   02:10   0:04 /usr/bin/python /usr/local/bin/s3-parallel-put --bucket=cp-bookmark-monthly-container-local2 --bucket_region=eu-west-1 --processes=10 --put=stupid /stage/s3Data/201810/cp-bookmark-monthly-container-local2
root     21671  2.3  0.0 133916 18232 ?        Sl   02:10   0:05 /usr/bin/python /usr/local/bin/s3-parallel-put --bucket=cp-bookmark-monthly-container-local2 --bucket_region=eu-west-1 --processes=10 --put=stupid /stage/s3Data/201810/cp-bookmark-monthly-container-local2
root     21672  1.9  0.0 133972 18236 ?        Sl   02:10   0:04 /usr/bin/python /usr/local/bin/s3-parallel-put --bucket=cp-bookmark-monthly-container-local2 --bucket_region=eu-west-1 --processes=10 --put=stupid /stage/s3Data/201810/cp-bookmark-monthly-container-local2
root     21673  1.3  0.0 133916 18204 ?        Sl   02:10   0:03 /usr/bin/python /usr/local/bin/s3-parallel-put --bucket=cp-bookmark-monthly-container-local2 --bucket_region=eu-west-1 --processes=10 --put=stupid /stage/s3Data/201810/cp-bookmark-monthly-container-local2
root     21674  1.8  0.0 133932 18184 ?        Sl   02:10   0:04 /usr/bin/python /usr/local/bin/s3-parallel-put --bucket=cp-bookmark-monthly-container-local2 --bucket_region=eu-west-1 --processes=10 --put=stupid /stage/s3Data/201810/cp-bookmark-monthly-container-local2
root     21675  2.1  0.0 133964 18280 ?        Sl   02:10   0:04 /usr/bin/python /usr/local/bin/s3-parallel-put --bucket=cp-bookmark-monthly-container-local2 --bucket_region=eu-west-1 --processes=10 --put=stupid /stage/s3Data/201810/cp-bookmark-monthly-container-local2
root     21676  2.1  0.0 133936 18164 ?        Sl   02:10   0:04 /usr/bin/python /usr/local/bin/s3-parallel-put --bucket=cp-bookmark-monthly-container-local2 --bucket_region=eu-west-1 --processes=10 --put=stupid /stage/s3Data/201810/cp-bookmark-monthly-container-local2
root     21677  2.0  0.0 134076 18312 ?        Sl   02:10   0:04 /usr/bin/python /usr/local/bin/s3-parallel-put --bucket=cp-bookmark-monthly-container-local2 --bucket_region=eu-west-1 --processes=10 --put=stupid /stage/s3Data/201810/cp-bookmark-monthly-container-local2
root     21678  0.3  0.0  59904 14696 ?        S    02:10   0:00 /usr/bin/python /usr/local/bin/s3-parallel-put --bucket=cp-bookmark-monthly-container-local2 --bucket_region=eu-west-1 --processes=10 --put=stupid /stage/s3Data/201810/cp-bookmark-monthly-container-local2
root     21679  1.8  0.0 145592 27472 ?        Sl   02:10   0:04 /usr/bin/python /usr/local/bin/s3-parallel-put --bucket=cp-bookmark-monthly-container-local2 --bucket_region=eu-west-1 --processes=10 --put=stupid /stage/s3Data/201811/cp-bookmark-monthly-container-local2
root     21680  2.1  0.0 133952 18412 ?        Sl   02:10   0:04 /usr/bin/python /usr/local/bin/s3-parallel-put --bucket=cp-bookmark-monthly-container-local2 --bucket_region=eu-west-1 --processes=10 --put=stupid /stage/s3Data/201811/cp-bookmark-monthly-container-local2
root     21681  2.6  0.0 133956 18356 ?        Sl   02:10   0:05 /usr/bin/python /usr/local/bin/s3-parallel-put --bucket=cp-bookmark-monthly-container-local2 --bucket_region=eu-west-1 --processes=10 --put=stupid /stage/s3Data/201811/cp-bookmark-monthly-container-local2
root     21682  2.3  0.0 133916 18408 ?        Sl   02:10   0:05 /usr/bin/python /usr/local/bin/s3-parallel-put --bucket=cp-bookmark-monthly-container-local2 --bucket_region=eu-west-1 --processes=10 --put=stupid /stage/s3Data/201811/cp-bookmark-monthly-container-local2
root     21683  2.4  0.0 133916 18376 ?        Sl   02:10   0:05 /usr/bin/python /usr/local/bin/s3-parallel-put --bucket=cp-bookmark-monthly-container-local2 --bucket_region=eu-west-1 --processes=10 --put=stupid /stage/s3Data/201811/cp-bookmark-monthly-container-local2
root     21684  2.5  0.0 133960 18356 ?        Rl   02:10   0:05 /usr/bin/python /usr/local/bin/s3-parallel-put --bucket=cp-bookmark-monthly-container-local2 --bucket_region=eu-west-1 --processes=10 --put=stupid /stage/s3Data/201811/cp-bookmark-monthly-container-local2
root     21685  1.5  0.0 133952 18404 ?        Sl   02:10   0:03 /usr/bin/python /usr/local/bin/s3-parallel-put --bucket=cp-bookmark-monthly-container-local2 --bucket_region=eu-west-1 --processes=10 --put=stupid /stage/s3Data/201811/cp-bookmark-monthly-container-local2
root     21686  1.5  0.0 133912 18408 ?        Sl   02:10   0:03 /usr/bin/python /usr/local/bin/s3-parallel-put --bucket=cp-bookmark-monthly-container-local2 --bucket_region=eu-west-1 --processes=10 --put=stupid /stage/s3Data/201811/cp-bookmark-monthly-container-local2
root     21687  1.7  0.0 133948 18352 ?        Sl   02:10   0:04 /usr/bin/python /usr/local/bin/s3-parallel-put --bucket=cp-bookmark-monthly-container-local2 --bucket_region=eu-west-1 --processes=10 --put=stupid /stage/s3Data/201811/cp-bookmark-monthly-container-local2
root     21689  2.2  0.0 133924 18408 ?        Sl   02:10   0:05 /usr/bin/python /usr/local/bin/s3-parallel-put --bucket=cp-bookmark-monthly-container-local2 --bucket_region=eu-west-1 --processes=10 --put=stupid /stage/s3Data/201811/cp-bookmark-monthly-container-local2
root     21690  0.3  0.0  59904 14792 ?        S    02:10   0:00 /usr/bin/python /usr/local/bin/s3-parallel-put --bucket=cp-bookmark-monthly-container-local2 --bucket_region=eu-west-1 --processes=10 --put=stupid /stage/s3Data/201811/cp-bookmark-monthly-container-local2
migrate  24515  6.5  0.7 877788 454620 ?       S    Jan17  17:09 python loadPlayedAssets2S3.py cp-bookmark-monthly-container-local2 eu-west-1
migrate  26431  7.8  0.7 877300 454408 ?       S    Jan17  19:19 python loadPlayedAssets2S3.py cp-bookmark-monthly-container-local2 eu-west-1
migrate  29119 15.6  0.7 877600 454740 ?       S    Jan17  36:03 python loadPlayedAssets2S3.py cp-bookmark-monthly-container-local2 eu-west-1
migrate  29724 17.2  0.7 877468 454572 ?       S    Jan17  39:15 python loadPlayedAssets2S3.py cp-bookmark-monthly-container-local2 eu-west-1
host:10.94.64.39
USER       PID %CPU %MEM    VSZ   RSS TTY      STAT START   TIME COMMAND
migrate   1388  3.9  0.7 877480 454836 ?       S    Jan17  23:55 python loadPlayedAssets2S3.py cp-bookmark-monthly-container-local2 eu-west-1
migrate   2064  2.3  0.7 877288 454140 ?       S    Jan17  14:20 python loadPlayedAssets2S3.py cp-bookmark-monthly-container-local2 eu-west-1
migrate   2608  2.3  0.7 877336 454560 ?       S    Jan17  13:56 python loadPlayedAssets2S3.py cp-bookmark-monthly-container-local2 eu-west-1
migrate   2972  5.2  0.7 877352 454628 ?       S    Jan17  30:43 python loadPlayedAssets2S3.py cp-bookmark-monthly-container-local2 eu-west-1
migrate   4093  3.4  0.7 877520 454856 ?       S    Jan17  20:07 python loadPlayedAssets2S3.py cp-bookmark-monthly-container-local2 eu-west-1
migrate  10780  2.8  0.7 877048 454148 ?       S    Jan17  13:19 python loadPlayedAssets2S3.py cp-bookmark-monthly-container-local2 eu-west-1
migrate  11749  2.7  0.7 877052 454612 ?       S    Jan17  12:47 python loadPlayedAssets2S3.py cp-bookmark-monthly-container-local2 eu-west-1
root     20101  0.0  0.0   4336   716 ?        Ss   02:00   0:00 /bin/sh -c /bin/bash /data2/container_builds/prod/dockerized/load_local/weeks/checkS3ParallelPut.sh cp-bookmark-monthly-container-local2 eu-west-1 201906 10  > /data2/container_builds/prod/dockerized/load_local/weeks/checkS3ParallelPut.log.201906 2>&1
root     20109  0.0  0.0   4336   756 ?        Ss   02:00   0:00 /bin/sh -c /bin/bash /data2/container_builds/prod/dockerized/load_local/weeks/checkS3ParallelPut.sh cp-bookmark-monthly-container-local2 eu-west-1 201903 10  > /data2/container_builds/prod/dockerized/load_local/weeks/checkS3ParallelPut.log.201903 2>&1
root     20113  0.0  0.0  13232  3008 ?        S    02:00   0:00 /bin/bash /data2/container_builds/prod/dockerized/load_local/weeks/checkS3ParallelPut.sh cp-bookmark-monthly-container-local2 eu-west-1 201903 10
root     20128  0.0  0.0  13232  2968 ?        S    02:00   0:00 /bin/bash /data2/container_builds/prod/dockerized/load_local/weeks/checkS3ParallelPut.sh cp-bookmark-monthly-container-local2 eu-west-1 201906 10
root     20174  0.0  0.0  13232  2824 ?        S    02:00   0:00 /bin/bash /data2/container_builds/prod/dockerized/load_local/weeks/runS3ParallelPut.sh cp-bookmark-monthly-container-local2 eu-west-1 201903 10
root     20184  0.0  0.0  59904 19008 ?        S    02:00   0:00 /usr/bin/python /usr/local/bin/s3-parallel-put --bucket=cp-bookmark-monthly-container-local2 --bucket_region=eu-west-1 --processes=10 --put=stupid /stage/s3Data/201903/cp-bookmark-monthly-container-local2
root     20195  0.0  0.0  13232  2740 ?        S    02:00   0:00 /bin/bash /data2/container_builds/prod/dockerized/load_local/weeks/runS3ParallelPut.sh cp-bookmark-monthly-container-local2 eu-west-1 201906 10
root     20198  0.0  0.0  59904 19180 ?        S    02:00   0:00 /usr/bin/python /usr/local/bin/s3-parallel-put --bucket=cp-bookmark-monthly-container-local2 --bucket_region=eu-west-1 --processes=10 --put=stupid /stage/s3Data/201906/cp-bookmark-monthly-container-local2
root     20308  1.8  0.0 153024 34708 ?        Sl   02:00   0:15 /usr/bin/python /usr/local/bin/s3-parallel-put --bucket=cp-bookmark-monthly-container-local2 --bucket_region=eu-west-1 --processes=10 --put=stupid /stage/s3Data/201903/cp-bookmark-monthly-container-local2
root     20309  2.5  0.0 134044 18228 ?        Sl   02:00   0:20 /usr/bin/python /usr/local/bin/s3-parallel-put --bucket=cp-bookmark-monthly-container-local2 --bucket_region=eu-west-1 --processes=10 --put=stupid /stage/s3Data/201903/cp-bookmark-monthly-container-local2
root     20310  2.2  0.0 134068 18260 ?        Sl   02:00   0:18 /usr/bin/python /usr/local/bin/s3-parallel-put --bucket=cp-bookmark-monthly-container-local2 --bucket_region=eu-west-1 --processes=10 --put=stupid /stage/s3Data/201903/cp-bookmark-monthly-container-local2
root     20313  2.5  0.0 134096 18272 ?        Sl   02:00   0:20 /usr/bin/python /usr/local/bin/s3-parallel-put --bucket=cp-bookmark-monthly-container-local2 --bucket_region=eu-west-1 --processes=10 --put=stupid /stage/s3Data/201903/cp-bookmark-monthly-container-local2
root     20315  2.3  0.0 133988 18240 ?        Sl   02:00   0:19 /usr/bin/python /usr/local/bin/s3-parallel-put --bucket=cp-bookmark-monthly-container-local2 --bucket_region=eu-west-1 --processes=10 --put=stupid /stage/s3Data/201903/cp-bookmark-monthly-container-local2
root     20316  2.4  0.0 133948 18200 ?        Sl   02:00   0:20 /usr/bin/python /usr/local/bin/s3-parallel-put --bucket=cp-bookmark-monthly-container-local2 --bucket_region=eu-west-1 --processes=10 --put=stupid /stage/s3Data/201903/cp-bookmark-monthly-container-local2
root     20317  2.6  0.0 133920 18148 ?        Sl   02:00   0:22 /usr/bin/python /usr/local/bin/s3-parallel-put --bucket=cp-bookmark-monthly-container-local2 --bucket_region=eu-west-1 --processes=10 --put=stupid /stage/s3Data/201903/cp-bookmark-monthly-container-local2
root     20321  2.3  0.0 134116 18304 ?        Sl   02:00   0:19 /usr/bin/python /usr/local/bin/s3-parallel-put --bucket=cp-bookmark-monthly-container-local2 --bucket_region=eu-west-1 --processes=10 --put=stupid /stage/s3Data/201903/cp-bookmark-monthly-container-local2
root     20322  2.6  0.0 133948 18192 ?        Sl   02:00   0:22 /usr/bin/python /usr/local/bin/s3-parallel-put --bucket=cp-bookmark-monthly-container-local2 --bucket_region=eu-west-1 --processes=10 --put=stupid /stage/s3Data/201903/cp-bookmark-monthly-container-local2
root     20370  1.6  0.0 138952 21096 ?        Sl   02:00   0:13 /usr/bin/python /usr/local/bin/s3-parallel-put --bucket=cp-bookmark-monthly-container-local2 --bucket_region=eu-west-1 --processes=10 --put=stupid /stage/s3Data/201906/cp-bookmark-monthly-container-local2
root     20372  2.3  0.0 133968 18364 ?        Sl   02:00   0:19 /usr/bin/python /usr/local/bin/s3-parallel-put --bucket=cp-bookmark-monthly-container-local2 --bucket_region=eu-west-1 --processes=10 --put=stupid /stage/s3Data/201906/cp-bookmark-monthly-container-local2
root     20374  2.3  0.0 133948 18396 ?        Sl   02:00   0:19 /usr/bin/python /usr/local/bin/s3-parallel-put --bucket=cp-bookmark-monthly-container-local2 --bucket_region=eu-west-1 --processes=10 --put=stupid /stage/s3Data/201906/cp-bookmark-monthly-container-local2
root     20376  2.3  0.0 134076 18388 ?        Sl   02:00   0:19 /usr/bin/python /usr/local/bin/s3-parallel-put --bucket=cp-bookmark-monthly-container-local2 --bucket_region=eu-west-1 --processes=10 --put=stupid /stage/s3Data/201906/cp-bookmark-monthly-container-local2
root     20378  2.4  0.0 134072 18496 ?        Sl   02:00   0:20 /usr/bin/python /usr/local/bin/s3-parallel-put --bucket=cp-bookmark-monthly-container-local2 --bucket_region=eu-west-1 --processes=10 --put=stupid /stage/s3Data/201906/cp-bookmark-monthly-container-local2
root     20380  2.7  0.0 133940 18392 ?        Sl   02:00   0:22 /usr/bin/python /usr/local/bin/s3-parallel-put --bucket=cp-bookmark-monthly-container-local2 --bucket_region=eu-west-1 --processes=10 --put=stupid /stage/s3Data/201906/cp-bookmark-monthly-container-local2
root     20381  2.3  0.0 134092 18484 ?        Sl   02:00   0:19 /usr/bin/python /usr/local/bin/s3-parallel-put --bucket=cp-bookmark-monthly-container-local2 --bucket_region=eu-west-1 --processes=10 --put=stupid /stage/s3Data/201906/cp-bookmark-monthly-container-local2
root     20382  2.5  0.0 133996 18280 ?        Sl   02:00   0:21 /usr/bin/python /usr/local/bin/s3-parallel-put --bucket=cp-bookmark-monthly-container-local2 --bucket_region=eu-west-1 --processes=10 --put=stupid /stage/s3Data/201906/cp-bookmark-monthly-container-local2
root     20383  2.2  0.0 133992 18384 ?        Sl   02:00   0:19 /usr/bin/python /usr/local/bin/s3-parallel-put --bucket=cp-bookmark-monthly-container-local2 --bucket_region=eu-west-1 --processes=10 --put=stupid /stage/s3Data/201906/cp-bookmark-monthly-container-local2
root     20384  2.5  0.0 134072 18336 ?        Sl   02:00   0:21 /usr/bin/python /usr/local/bin/s3-parallel-put --bucket=cp-bookmark-monthly-container-local2 --bucket_region=eu-west-1 --processes=10 --put=stupid /stage/s3Data/201906/cp-bookmark-monthly-container-local2
root     20385  2.3  0.0 134004 18436 ?        Sl   02:00   0:19 /usr/bin/python /usr/local/bin/s3-parallel-put --bucket=cp-bookmark-monthly-container-local2 --bucket_region=eu-west-1 --processes=10 --put=stupid /stage/s3Data/201906/cp-bookmark-monthly-container-local2
root     20386  0.3  0.0  59904 14788 ?        S    02:00   0:03 /usr/bin/python /usr/local/bin/s3-parallel-put --bucket=cp-bookmark-monthly-container-local2 --bucket_region=eu-west-1 --processes=10 --put=stupid /stage/s3Data/201906/cp-bookmark-monthly-container-local2
root     20387  2.2  0.0 133972 18272 ?        Sl   02:00   0:18 /usr/bin/python /usr/local/bin/s3-parallel-put --bucket=cp-bookmark-monthly-container-local2 --bucket_region=eu-west-1 --processes=10 --put=stupid /stage/s3Data/201903/cp-bookmark-monthly-container-local2
root     20388  2.6  0.0 133952 18244 ?        Sl   02:00   0:21 /usr/bin/python /usr/local/bin/s3-parallel-put --bucket=cp-bookmark-monthly-container-local2 --bucket_region=eu-west-1 --processes=10 --put=stupid /stage/s3Data/201903/cp-bookmark-monthly-container-local2
root     20389  0.4  0.0  59904 14684 ?        S    02:00   0:03 /usr/bin/python /usr/local/bin/s3-parallel-put --bucket=cp-bookmark-monthly-container-local2 --bucket_region=eu-west-1 --processes=10 --put=stupid /stage/s3Data/201903/cp-bookmark-monthly-container-local2
root     21258  0.0  0.0   4336   724 ?        Ss   02:10   0:00 /bin/sh -c /bin/bash /data2/container_builds/prod/dockerized/load_local/weeks/checkS3ParallelPut.sh cp-bookmark-monthly-container-local2 eu-west-1 201812 10  > /data2/container_builds/prod/dockerized/load_local/weeks/checkS3ParallelPut.log.201812 2>&1
root     21259  0.0  0.0   4336   804 ?        Ss   02:10   0:00 /bin/sh -c /bin/bash /data2/container_builds/prod/dockerized/load_local/weeks/checkS3ParallelPut.sh cp-bookmark-monthly-container-local2 eu-west-1 201901 10  > /data2/container_builds/prod/dockerized/load_local/weeks/checkS3ParallelPut.log.201901 2>&1
root     21262  0.0  0.0   4336   756 ?        Ss   02:10   0:00 /bin/sh -c /bin/bash /data2/container_builds/prod/dockerized/load_local/weeks/checkS3ParallelPut.sh cp-bookmark-monthly-container-local2 eu-west-1 201905 10  > /data2/container_builds/prod/dockerized/load_local/weeks/checkS3ParallelPut.log.201905 2>&1
root     21264  0.0  0.0  13232  2980 ?        S    02:10   0:00 /bin/bash /data2/container_builds/prod/dockerized/load_local/weeks/checkS3ParallelPut.sh cp-bookmark-monthly-container-local2 eu-west-1 201812 10
root     21265  0.0  0.0  13232  2996 ?        S    02:10   0:00 /bin/bash /data2/container_builds/prod/dockerized/load_local/weeks/checkS3ParallelPut.sh cp-bookmark-monthly-container-local2 eu-west-1 201901 10
root     21285  0.0  0.0  13232  3020 ?        S    02:10   0:00 /bin/bash /data2/container_builds/prod/dockerized/load_local/weeks/checkS3ParallelPut.sh cp-bookmark-monthly-container-local2 eu-west-1 201905 10
root     21310  0.0  0.0   4336   756 ?        Ss   02:10   0:00 /bin/sh -c /bin/bash /data2/container_builds/prod/dockerized/load_local/weeks/checkS3ParallelPut.sh cp-bookmark-monthly-container-local2 eu-west-1 201904 10  > /data2/container_builds/prod/dockerized/load_local/weeks/checkS3ParallelPut.log.201904 2>&1
root     21314  0.0  0.0  13232  2948 ?        S    02:10   0:00 /bin/bash /data2/container_builds/prod/dockerized/load_local/weeks/checkS3ParallelPut.sh cp-bookmark-monthly-container-local2 eu-west-1 201904 10
root     21330  0.0  0.0  13232  2824 ?        S    02:10   0:00 /bin/bash /data2/container_builds/prod/dockerized/load_local/weeks/runS3ParallelPut.sh cp-bookmark-monthly-container-local2 eu-west-1 201901 10
root     21335  0.0  0.0  13232  2764 ?        S    02:10   0:00 /bin/bash /data2/container_builds/prod/dockerized/load_local/weeks/runS3ParallelPut.sh cp-bookmark-monthly-container-local2 eu-west-1 201812 10
root     21346  0.0  0.0  13232  2768 ?        S    02:10   0:00 /bin/bash /data2/container_builds/prod/dockerized/load_local/weeks/runS3ParallelPut.sh cp-bookmark-monthly-container-local2 eu-west-1 201905 10
root     21349  0.0  0.0  59904 19164 ?        S    02:10   0:00 /usr/bin/python /usr/local/bin/s3-parallel-put --bucket=cp-bookmark-monthly-container-local2 --bucket_region=eu-west-1 --processes=10 --put=stupid /stage/s3Data/201905/cp-bookmark-monthly-container-local2
root     21350  0.0  0.0  59904 19032 ?        S    02:10   0:00 /usr/bin/python /usr/local/bin/s3-parallel-put --bucket=cp-bookmark-monthly-container-local2 --bucket_region=eu-west-1 --processes=10 --put=stupid /stage/s3Data/201901/cp-bookmark-monthly-container-local2
root     21351  0.0  0.0  59904 19004 ?        S    02:10   0:00 /usr/bin/python /usr/local/bin/s3-parallel-put --bucket=cp-bookmark-monthly-container-local2 --bucket_region=eu-west-1 --processes=10 --put=stupid /stage/s3Data/201812/cp-bookmark-monthly-container-local2
root     21357  0.0  0.0  13232  2732 ?        S    02:10   0:00 /bin/bash /data2/container_builds/prod/dockerized/load_local/weeks/runS3ParallelPut.sh cp-bookmark-monthly-container-local2 eu-west-1 201904 10
root     21360  0.0  0.0  59904 19164 ?        S    02:10   0:00 /usr/bin/python /usr/local/bin/s3-parallel-put --bucket=cp-bookmark-monthly-container-local2 --bucket_region=eu-west-1 --processes=10 --put=stupid /stage/s3Data/201904/cp-bookmark-monthly-container-local2
root     21381  1.3  0.0 145064 26840 ?        Sl   02:10   0:03 /usr/bin/python /usr/local/bin/s3-parallel-put --bucket=cp-bookmark-monthly-container-local2 --bucket_region=eu-west-1 --processes=10 --put=stupid /stage/s3Data/201901/cp-bookmark-monthly-container-local2
root     21382  1.2  0.0 133912 18184 ?        Sl   02:10   0:02 /usr/bin/python /usr/local/bin/s3-parallel-put --bucket=cp-bookmark-monthly-container-local2 --bucket_region=eu-west-1 --processes=10 --put=stupid /stage/s3Data/201901/cp-bookmark-monthly-container-local2
root     21386  2.0  0.0 133940 18224 ?        Sl   02:10   0:04 /usr/bin/python /usr/local/bin/s3-parallel-put --bucket=cp-bookmark-monthly-container-local2 --bucket_region=eu-west-1 --processes=10 --put=stupid /stage/s3Data/201901/cp-bookmark-monthly-container-local2
root     21387  2.3  0.0 133980 18224 ?        Sl   02:10   0:05 /usr/bin/python /usr/local/bin/s3-parallel-put --bucket=cp-bookmark-monthly-container-local2 --bucket_region=eu-west-1 --processes=10 --put=stupid /stage/s3Data/201901/cp-bookmark-monthly-container-local2
root     21388  1.9  0.0 133964 18220 ?        Sl   02:10   0:04 /usr/bin/python /usr/local/bin/s3-parallel-put --bucket=cp-bookmark-monthly-container-local2 --bucket_region=eu-west-1 --processes=10 --put=stupid /stage/s3Data/201901/cp-bookmark-monthly-container-local2
root     21389  2.3  0.0 133932 18224 ?        Sl   02:10   0:05 /usr/bin/python /usr/local/bin/s3-parallel-put --bucket=cp-bookmark-monthly-container-local2 --bucket_region=eu-west-1 --processes=10 --put=stupid /stage/s3Data/201901/cp-bookmark-monthly-container-local2
root     21390  1.7  0.0 133952 18220 ?        Sl   02:10   0:04 /usr/bin/python /usr/local/bin/s3-parallel-put --bucket=cp-bookmark-monthly-container-local2 --bucket_region=eu-west-1 --processes=10 --put=stupid /stage/s3Data/201901/cp-bookmark-monthly-container-local2
root     21391  1.9  0.0 133924 18228 ?        Sl   02:10   0:04 /usr/bin/python /usr/local/bin/s3-parallel-put --bucket=cp-bookmark-monthly-container-local2 --bucket_region=eu-west-1 --processes=10 --put=stupid /stage/s3Data/201901/cp-bookmark-monthly-container-local2
root     21392  0.2  0.0  59904 14624 ?        S    02:10   0:00 /usr/bin/python /usr/local/bin/s3-parallel-put --bucket=cp-bookmark-monthly-container-local2 --bucket_region=eu-west-1 --processes=10 --put=stupid /stage/s3Data/201901/cp-bookmark-monthly-container-local2
root     21393  1.6  0.0 144808 26548 ?        Sl   02:10   0:03 /usr/bin/python /usr/local/bin/s3-parallel-put --bucket=cp-bookmark-monthly-container-local2 --bucket_region=eu-west-1 --processes=10 --put=stupid /stage/s3Data/201812/cp-bookmark-monthly-container-local2
root     21394  1.7  0.0 133976 18236 ?        Sl   02:10   0:03 /usr/bin/python /usr/local/bin/s3-parallel-put --bucket=cp-bookmark-monthly-container-local2 --bucket_region=eu-west-1 --processes=10 --put=stupid /stage/s3Data/201812/cp-bookmark-monthly-container-local2
root     21395  2.2  0.0 133932 18208 ?        Sl   02:10   0:05 /usr/bin/python /usr/local/bin/s3-parallel-put --bucket=cp-bookmark-monthly-container-local2 --bucket_region=eu-west-1 --processes=10 --put=stupid /stage/s3Data/201812/cp-bookmark-monthly-container-local2
root     21397  1.2  0.0 134056 18240 ?        Sl   02:10   0:02 /usr/bin/python /usr/local/bin/s3-parallel-put --bucket=cp-bookmark-monthly-container-local2 --bucket_region=eu-west-1 --processes=10 --put=stupid /stage/s3Data/201812/cp-bookmark-monthly-container-local2
root     21398  1.7  0.0 133908 18188 ?        Sl   02:10   0:04 /usr/bin/python /usr/local/bin/s3-parallel-put --bucket=cp-bookmark-monthly-container-local2 --bucket_region=eu-west-1 --processes=10 --put=stupid /stage/s3Data/201812/cp-bookmark-monthly-container-local2
root     21400  1.9  0.0 133908 18200 ?        Sl   02:10   0:04 /usr/bin/python /usr/local/bin/s3-parallel-put --bucket=cp-bookmark-monthly-container-local2 --bucket_region=eu-west-1 --processes=10 --put=stupid /stage/s3Data/201812/cp-bookmark-monthly-container-local2
root     21401  1.9  0.0 133940 18236 ?        Sl   02:10   0:04 /usr/bin/python /usr/local/bin/s3-parallel-put --bucket=cp-bookmark-monthly-container-local2 --bucket_region=eu-west-1 --processes=10 --put=stupid /stage/s3Data/201812/cp-bookmark-monthly-container-local2
root     21402  2.2  0.0 133936 18272 ?        Sl   02:10   0:05 /usr/bin/python /usr/local/bin/s3-parallel-put --bucket=cp-bookmark-monthly-container-local2 --bucket_region=eu-west-1 --processes=10 --put=stupid /stage/s3Data/201812/cp-bookmark-monthly-container-local2
root     21403  1.9  0.0 133908 18256 ?        Sl   02:10   0:04 /usr/bin/python /usr/local/bin/s3-parallel-put --bucket=cp-bookmark-monthly-container-local2 --bucket_region=eu-west-1 --processes=10 --put=stupid /stage/s3Data/201812/cp-bookmark-monthly-container-local2
root     21404  2.1  0.0 133936 18220 ?        Sl   02:10   0:05 /usr/bin/python /usr/local/bin/s3-parallel-put --bucket=cp-bookmark-monthly-container-local2 --bucket_region=eu-west-1 --processes=10 --put=stupid /stage/s3Data/201812/cp-bookmark-monthly-container-local2
root     21405  0.2  0.0  59904 14624 ?        S    02:10   0:00 /usr/bin/python /usr/local/bin/s3-parallel-put --bucket=cp-bookmark-monthly-container-local2 --bucket_region=eu-west-1 --processes=10 --put=stupid /stage/s3Data/201812/cp-bookmark-monthly-container-local2
root     21406  1.8  0.0 145592 27468 ?        Rl   02:10   0:04 /usr/bin/python /usr/local/bin/s3-parallel-put --bucket=cp-bookmark-monthly-container-local2 --bucket_region=eu-west-1 --processes=10 --put=stupid /stage/s3Data/201904/cp-bookmark-monthly-container-local2
root     21407  2.0  0.0 133940 18256 ?        Rl   02:10   0:04 /usr/bin/python /usr/local/bin/s3-parallel-put --bucket=cp-bookmark-monthly-container-local2 --bucket_region=eu-west-1 --processes=10 --put=stupid /stage/s3Data/201904/cp-bookmark-monthly-container-local2
root     21408  2.2  0.0 133920 18332 ?        Sl   02:10   0:05 /usr/bin/python /usr/local/bin/s3-parallel-put --bucket=cp-bookmark-monthly-container-local2 --bucket_region=eu-west-1 --processes=10 --put=stupid /stage/s3Data/201904/cp-bookmark-monthly-container-local2
root     21409  1.6  0.0 133968 18320 ?        Sl   02:10   0:03 /usr/bin/python /usr/local/bin/s3-parallel-put --bucket=cp-bookmark-monthly-container-local2 --bucket_region=eu-west-1 --processes=10 --put=stupid /stage/s3Data/201904/cp-bookmark-monthly-container-local2
root     21410  2.3  0.0 133956 18324 ?        Sl   02:10   0:05 /usr/bin/python /usr/local/bin/s3-parallel-put --bucket=cp-bookmark-monthly-container-local2 --bucket_region=eu-west-1 --processes=10 --put=stupid /stage/s3Data/201904/cp-bookmark-monthly-container-local2
root     21411  1.9  0.0 133952 18328 ?        Sl   02:10   0:04 /usr/bin/python /usr/local/bin/s3-parallel-put --bucket=cp-bookmark-monthly-container-local2 --bucket_region=eu-west-1 --processes=10 --put=stupid /stage/s3Data/201904/cp-bookmark-monthly-container-local2
root     21412  1.9  0.0 134060 18372 ?        Sl   02:10   0:04 /usr/bin/python /usr/local/bin/s3-parallel-put --bucket=cp-bookmark-monthly-container-local2 --bucket_region=eu-west-1 --processes=10 --put=stupid /stage/s3Data/201904/cp-bookmark-monthly-container-local2
root     21413  2.0  0.0 133948 18252 ?        Sl   02:10   0:04 /usr/bin/python /usr/local/bin/s3-parallel-put --bucket=cp-bookmark-monthly-container-local2 --bucket_region=eu-west-1 --processes=10 --put=stupid /stage/s3Data/201904/cp-bookmark-monthly-container-local2
root     21414  1.7  0.0 133920 18332 ?        Rl   02:10   0:04 /usr/bin/python /usr/local/bin/s3-parallel-put --bucket=cp-bookmark-monthly-container-local2 --bucket_region=eu-west-1 --processes=10 --put=stupid /stage/s3Data/201904/cp-bookmark-monthly-container-local2
root     21415  2.6  0.0 133924 18308 ?        Sl   02:10   0:06 /usr/bin/python /usr/local/bin/s3-parallel-put --bucket=cp-bookmark-monthly-container-local2 --bucket_region=eu-west-1 --processes=10 --put=stupid /stage/s3Data/201904/cp-bookmark-monthly-container-local2
root     21416  2.1  0.0 133912 18352 ?        Sl   02:10   0:04 /usr/bin/python /usr/local/bin/s3-parallel-put --bucket=cp-bookmark-monthly-container-local2 --bucket_region=eu-west-1 --processes=10 --put=stupid /stage/s3Data/201904/cp-bookmark-monthly-container-local2
root     21417  0.3  0.0  59904 14788 ?        S    02:10   0:00 /usr/bin/python /usr/local/bin/s3-parallel-put --bucket=cp-bookmark-monthly-container-local2 --bucket_region=eu-west-1 --processes=10 --put=stupid /stage/s3Data/201904/cp-bookmark-monthly-container-local2
root     21418  1.5  0.0 145592 27428 ?        Sl   02:10   0:03 /usr/bin/python /usr/local/bin/s3-parallel-put --bucket=cp-bookmark-monthly-container-local2 --bucket_region=eu-west-1 --processes=10 --put=stupid /stage/s3Data/201905/cp-bookmark-monthly-container-local2
root     21419  1.2  0.0 133924 18240 ?        Sl   02:10   0:02 /usr/bin/python /usr/local/bin/s3-parallel-put --bucket=cp-bookmark-monthly-container-local2 --bucket_region=eu-west-1 --processes=10 --put=stupid /stage/s3Data/201905/cp-bookmark-monthly-container-local2
root     21420  2.2  0.0 134084 18412 ?        Sl   02:10   0:05 /usr/bin/python /usr/local/bin/s3-parallel-put --bucket=cp-bookmark-monthly-container-local2 --bucket_region=eu-west-1 --processes=10 --put=stupid /stage/s3Data/201905/cp-bookmark-monthly-container-local2
root     21421  1.9  0.0 133916 18360 ?        Sl   02:10   0:04 /usr/bin/python /usr/local/bin/s3-parallel-put --bucket=cp-bookmark-monthly-container-local2 --bucket_region=eu-west-1 --processes=10 --put=stupid /stage/s3Data/201905/cp-bookmark-monthly-container-local2
root     21422  1.8  0.0 133916 18320 ?        Sl   02:10   0:04 /usr/bin/python /usr/local/bin/s3-parallel-put --bucket=cp-bookmark-monthly-container-local2 --bucket_region=eu-west-1 --processes=10 --put=stupid /stage/s3Data/201905/cp-bookmark-monthly-container-local2
root     21423  1.5  0.0 133956 18280 ?        Sl   02:10   0:03 /usr/bin/python /usr/local/bin/s3-parallel-put --bucket=cp-bookmark-monthly-container-local2 --bucket_region=eu-west-1 --processes=10 --put=stupid /stage/s3Data/201905/cp-bookmark-monthly-container-local2
root     21427  2.2  0.0 133924 18356 ?        Sl   02:10   0:05 /usr/bin/python /usr/local/bin/s3-parallel-put --bucket=cp-bookmark-monthly-container-local2 --bucket_region=eu-west-1 --processes=10 --put=stupid /stage/s3Data/201905/cp-bookmark-monthly-container-local2
root     21428  1.8  0.0 133932 18252 ?        Sl   02:10   0:04 /usr/bin/python /usr/local/bin/s3-parallel-put --bucket=cp-bookmark-monthly-container-local2 --bucket_region=eu-west-1 --processes=10 --put=stupid /stage/s3Data/201905/cp-bookmark-monthly-container-local2
root     21429  1.9  0.0 133928 18372 ?        Sl   02:10   0:04 /usr/bin/python /usr/local/bin/s3-parallel-put --bucket=cp-bookmark-monthly-container-local2 --bucket_region=eu-west-1 --processes=10 --put=stupid /stage/s3Data/201905/cp-bookmark-monthly-container-local2
root     21430  1.9  0.0 133912 18264 ?        Sl   02:10   0:04 /usr/bin/python /usr/local/bin/s3-parallel-put --bucket=cp-bookmark-monthly-container-local2 --bucket_region=eu-west-1 --processes=10 --put=stupid /stage/s3Data/201905/cp-bookmark-monthly-container-local2
root     21431  0.2  0.0  59904 14788 ?        S    02:10   0:00 /usr/bin/python /usr/local/bin/s3-parallel-put --bucket=cp-bookmark-monthly-container-local2 --bucket_region=eu-west-1 --processes=10 --put=stupid /stage/s3Data/201905/cp-bookmark-monthly-container-local2
host:10.94.64.161
USER       PID %CPU %MEM    VSZ   RSS TTY      STAT START   TIME COMMAND
root      9713  0.0  0.0   4336   796 ?        Ss   02:10   0:00 /bin/sh -c /bin/bash /data2/container_builds/prod/dockerized/load_local/weeks/checkS3ParallelPut.sh cp-bookmark-monthly-container-local2 eu-west-1 201912 10  > /data2/container_builds/prod/dockerized/load_local/weeks/checkS3ParallelPut.log.201912 2>&1
root      9714  0.0  0.0   4336   808 ?        Ss   02:10   0:00 /bin/sh -c /bin/bash /data2/container_builds/prod/dockerized/load_local/weeks/checkS3ParallelPut.sh cp-bookmark-monthly-container-local2 eu-west-1 201909 10  > /data2/container_builds/prod/dockerized/load_local/weeks/checkS3ParallelPut.log.201909 2>&1
root      9718  0.0  0.0   4336   808 ?        Ss   02:10   0:00 /bin/sh -c /bin/bash /data2/container_builds/prod/dockerized/load_local/weeks/checkS3ParallelPut.sh cp-bookmark-monthly-container-local2 eu-west-1 201907 10  > /data2/container_builds/prod/dockerized/load_local/weeks/checkS3ParallelPut.log.201907 2>&1
root      9720  0.0  0.0  13232  2948 ?        S    02:10   0:00 /bin/bash /data2/container_builds/prod/dockerized/load_local/weeks/checkS3ParallelPut.sh cp-bookmark-monthly-container-local2 eu-west-1 201912 10
root      9740  0.0  0.0  13232  3024 ?        S    02:10   0:00 /bin/bash /data2/container_builds/prod/dockerized/load_local/weeks/checkS3ParallelPut.sh cp-bookmark-monthly-container-local2 eu-west-1 201909 10
root      9770  0.0  0.0  13232  3016 ?        S    02:10   0:00 /bin/bash /data2/container_builds/prod/dockerized/load_local/weeks/checkS3ParallelPut.sh cp-bookmark-monthly-container-local2 eu-west-1 201907 10
root      9772  0.0  0.0  13236  2816 ?        S    02:10   0:00 /bin/bash /data2/container_builds/prod/dockerized/load_local/weeks/runS3ParallelPut.sh cp-bookmark-monthly-container-local2 eu-west-1 201912 10
root      9781  0.0  0.0  59904 19152 ?        S    02:10   0:00 /usr/bin/python /usr/local/bin/s3-parallel-put --bucket=cp-bookmark-monthly-container-local2 --bucket_region=eu-west-1 --processes=10 --put=update /stage/s3Data/201912/cp-bookmark-monthly-container-local2
root      9782  0.0  0.0  13236  2712 ?        S    02:10   0:00 /bin/bash /data2/container_builds/prod/dockerized/load_local/weeks/runS3ParallelPut.sh cp-bookmark-monthly-container-local2 eu-west-1 201909 10
root      9802  0.0  0.0  59904 19284 ?        S    02:10   0:00 /usr/bin/python /usr/local/bin/s3-parallel-put --bucket=cp-bookmark-monthly-container-local2 --bucket_region=eu-west-1 --processes=10 --put=update /stage/s3Data/201909/cp-bookmark-monthly-container-local2
root      9804  0.0  0.0  13236  2684 ?        S    02:10   0:00 /bin/bash /data2/container_builds/prod/dockerized/load_local/weeks/runS3ParallelPut.sh cp-bookmark-monthly-container-local2 eu-west-1 201907 10
root      9806  0.0  0.0  59904 19248 ?        S    02:10   0:00 /usr/bin/python /usr/local/bin/s3-parallel-put --bucket=cp-bookmark-monthly-container-local2 --bucket_region=eu-west-1 --processes=10 --put=update /stage/s3Data/201907/cp-bookmark-monthly-container-local2
root      9823  4.3  0.0 153280 34960 ?        Sl   02:10   0:10 /usr/bin/python /usr/local/bin/s3-parallel-put --bucket=cp-bookmark-monthly-container-local2 --bucket_region=eu-west-1 --processes=10 --put=update /stage/s3Data/201912/cp-bookmark-monthly-container-local2
root      9824  5.4  0.0 133912 18292 ?        Sl   02:10   0:12 /usr/bin/python /usr/local/bin/s3-parallel-put --bucket=cp-bookmark-monthly-container-local2 --bucket_region=eu-west-1 --processes=10 --put=update /stage/s3Data/201912/cp-bookmark-monthly-container-local2
root      9825  5.4  0.0 133940 18312 ?        Sl   02:10   0:12 /usr/bin/python /usr/local/bin/s3-parallel-put --bucket=cp-bookmark-monthly-container-local2 --bucket_region=eu-west-1 --processes=10 --put=update /stage/s3Data/201912/cp-bookmark-monthly-container-local2
root      9826  5.4  0.0 134008 18340 ?        Sl   02:10   0:12 /usr/bin/python /usr/local/bin/s3-parallel-put --bucket=cp-bookmark-monthly-container-local2 --bucket_region=eu-west-1 --processes=10 --put=update /stage/s3Data/201912/cp-bookmark-monthly-container-local2
root      9827  5.2  0.0 133928 18284 ?        Sl   02:10   0:12 /usr/bin/python /usr/local/bin/s3-parallel-put --bucket=cp-bookmark-monthly-container-local2 --bucket_region=eu-west-1 --processes=10 --put=update /stage/s3Data/201912/cp-bookmark-monthly-container-local2
root      9828  4.9  0.0 133900 18296 ?        Sl   02:10   0:11 /usr/bin/python /usr/local/bin/s3-parallel-put --bucket=cp-bookmark-monthly-container-local2 --bucket_region=eu-west-1 --processes=10 --put=update /stage/s3Data/201912/cp-bookmark-monthly-container-local2
root      9829  5.4  0.0 133920 18308 ?        Sl   02:10   0:12 /usr/bin/python /usr/local/bin/s3-parallel-put --bucket=cp-bookmark-monthly-container-local2 --bucket_region=eu-west-1 --processes=10 --put=update /stage/s3Data/201912/cp-bookmark-monthly-container-local2
root      9830  5.5  0.0 133952 18380 ?        Sl   02:10   0:12 /usr/bin/python /usr/local/bin/s3-parallel-put --bucket=cp-bookmark-monthly-container-local2 --bucket_region=eu-west-1 --processes=10 --put=update /stage/s3Data/201912/cp-bookmark-monthly-container-local2
root      9831  4.4  0.0 134080 18376 ?        Sl   02:10   0:10 /usr/bin/python /usr/local/bin/s3-parallel-put --bucket=cp-bookmark-monthly-container-local2 --bucket_region=eu-west-1 --processes=10 --put=update /stage/s3Data/201912/cp-bookmark-monthly-container-local2
root      9832  5.3  0.0 133920 18324 ?        Sl   02:10   0:12 /usr/bin/python /usr/local/bin/s3-parallel-put --bucket=cp-bookmark-monthly-container-local2 --bucket_region=eu-west-1 --processes=10 --put=update /stage/s3Data/201912/cp-bookmark-monthly-container-local2
root      9833  5.2  0.0 133964 18304 ?        Sl   02:10   0:12 /usr/bin/python /usr/local/bin/s3-parallel-put --bucket=cp-bookmark-monthly-container-local2 --bucket_region=eu-west-1 --processes=10 --put=update /stage/s3Data/201912/cp-bookmark-monthly-container-local2
root      9834  0.0  0.0  59904 14596 ?        S    02:10   0:00 /usr/bin/python /usr/local/bin/s3-parallel-put --bucket=cp-bookmark-monthly-container-local2 --bucket_region=eu-west-1 --processes=10 --put=update /stage/s3Data/201912/cp-bookmark-monthly-container-local2
root      9835  4.5  0.0 147808 29624 ?        Sl   02:10   0:10 /usr/bin/python /usr/local/bin/s3-parallel-put --bucket=cp-bookmark-monthly-container-local2 --bucket_region=eu-west-1 --processes=10 --put=update /stage/s3Data/201907/cp-bookmark-monthly-container-local2
root      9836  5.4  0.0  60036 18020 ?        S    02:10   0:12 /usr/bin/python /usr/local/bin/s3-parallel-put --bucket=cp-bookmark-monthly-container-local2 --bucket_region=eu-west-1 --processes=10 --put=update /stage/s3Data/201907/cp-bookmark-monthly-container-local2
root      9837  5.5  0.0  60044 18020 ?        S    02:10   0:12 /usr/bin/python /usr/local/bin/s3-parallel-put --bucket=cp-bookmark-monthly-container-local2 --bucket_region=eu-west-1 --processes=10 --put=update /stage/s3Data/201907/cp-bookmark-monthly-container-local2
root      9838  5.5  0.0  60044 18020 ?        S    02:10   0:12 /usr/bin/python /usr/local/bin/s3-parallel-put --bucket=cp-bookmark-monthly-container-local2 --bucket_region=eu-west-1 --processes=10 --put=update /stage/s3Data/201907/cp-bookmark-monthly-container-local2
root      9839  5.6  0.0  60040 18032 ?        S    02:10   0:13 /usr/bin/python /usr/local/bin/s3-parallel-put --bucket=cp-bookmark-monthly-container-local2 --bucket_region=eu-west-1 --processes=10 --put=update /stage/s3Data/201907/cp-bookmark-monthly-container-local2
root      9840  5.4  0.0  60044 18020 ?        S    02:10   0:12 /usr/bin/python /usr/local/bin/s3-parallel-put --bucket=cp-bookmark-monthly-container-local2 --bucket_region=eu-west-1 --processes=10 --put=update /stage/s3Data/201907/cp-bookmark-monthly-container-local2
root      9841  5.5  0.0  60036 18028 ?        S    02:10   0:12 /usr/bin/python /usr/local/bin/s3-parallel-put --bucket=cp-bookmark-monthly-container-local2 --bucket_region=eu-west-1 --processes=10 --put=update /stage/s3Data/201907/cp-bookmark-monthly-container-local2
root      9842  5.5  0.0  60036 18040 ?        S    02:10   0:12 /usr/bin/python /usr/local/bin/s3-parallel-put --bucket=cp-bookmark-monthly-container-local2 --bucket_region=eu-west-1 --processes=10 --put=update /stage/s3Data/201907/cp-bookmark-monthly-container-local2
root      9843  5.4  0.0  60040 18044 ?        S    02:10   0:12 /usr/bin/python /usr/local/bin/s3-parallel-put --bucket=cp-bookmark-monthly-container-local2 --bucket_region=eu-west-1 --processes=10 --put=update /stage/s3Data/201907/cp-bookmark-monthly-container-local2
root      9844  5.5  0.0  60040 18020 ?        S    02:10   0:12 /usr/bin/python /usr/local/bin/s3-parallel-put --bucket=cp-bookmark-monthly-container-local2 --bucket_region=eu-west-1 --processes=10 --put=update /stage/s3Data/201907/cp-bookmark-monthly-container-local2
root      9845  5.5  0.0  60048 18068 ?        S    02:10   0:12 /usr/bin/python /usr/local/bin/s3-parallel-put --bucket=cp-bookmark-monthly-container-local2 --bucket_region=eu-west-1 --processes=10 --put=update /stage/s3Data/201907/cp-bookmark-monthly-container-local2
root      9846  0.0  0.0  59904 14788 ?        S    02:10   0:00 /usr/bin/python /usr/local/bin/s3-parallel-put --bucket=cp-bookmark-monthly-container-local2 --bucket_region=eu-west-1 --processes=10 --put=update /stage/s3Data/201907/cp-bookmark-monthly-container-local2
root      9847  4.5  0.0 148064 29788 ?        Sl   02:10   0:10 /usr/bin/python /usr/local/bin/s3-parallel-put --bucket=cp-bookmark-monthly-container-local2 --bucket_region=eu-west-1 --processes=10 --put=update /stage/s3Data/201909/cp-bookmark-monthly-container-local2
root      9848  5.5  0.0  60036 18004 ?        S    02:10   0:12 /usr/bin/python /usr/local/bin/s3-parallel-put --bucket=cp-bookmark-monthly-container-local2 --bucket_region=eu-west-1 --processes=10 --put=update /stage/s3Data/201909/cp-bookmark-monthly-container-local2
root      9849  5.6  0.0  60044 18020 ?        S    02:10   0:13 /usr/bin/python /usr/local/bin/s3-parallel-put --bucket=cp-bookmark-monthly-container-local2 --bucket_region=eu-west-1 --processes=10 --put=update /stage/s3Data/201909/cp-bookmark-monthly-container-local2
root      9850  5.5  0.0  60044 17984 ?        S    02:10   0:12 /usr/bin/python /usr/local/bin/s3-parallel-put --bucket=cp-bookmark-monthly-container-local2 --bucket_region=eu-west-1 --processes=10 --put=update /stage/s3Data/201909/cp-bookmark-monthly-container-local2
root      9851  5.5  0.0  60044 17984 ?        S    02:10   0:12 /usr/bin/python /usr/local/bin/s3-parallel-put --bucket=cp-bookmark-monthly-container-local2 --bucket_region=eu-west-1 --processes=10 --put=update /stage/s3Data/201909/cp-bookmark-monthly-container-local2
root      9852  5.4  0.0  60076 18032 ?        S    02:10   0:12 /usr/bin/python /usr/local/bin/s3-parallel-put --bucket=cp-bookmark-monthly-container-local2 --bucket_region=eu-west-1 --processes=10 --put=update /stage/s3Data/201909/cp-bookmark-monthly-container-local2
root      9853  5.6  0.0  60044 18008 ?        S    02:10   0:13 /usr/bin/python /usr/local/bin/s3-parallel-put --bucket=cp-bookmark-monthly-container-local2 --bucket_region=eu-west-1 --processes=10 --put=update /stage/s3Data/201909/cp-bookmark-monthly-container-local2
root      9854  5.4  0.0  60036 17988 ?        S    02:10   0:12 /usr/bin/python /usr/local/bin/s3-parallel-put --bucket=cp-bookmark-monthly-container-local2 --bucket_region=eu-west-1 --processes=10 --put=update /stage/s3Data/201909/cp-bookmark-monthly-container-local2
root      9855  5.4  0.0  60052 17980 ?        S    02:10   0:12 /usr/bin/python /usr/local/bin/s3-parallel-put --bucket=cp-bookmark-monthly-container-local2 --bucket_region=eu-west-1 --processes=10 --put=update /stage/s3Data/201909/cp-bookmark-monthly-container-local2
root      9856  5.5  0.0  60088 18008 ?        S    02:10   0:12 /usr/bin/python /usr/local/bin/s3-parallel-put --bucket=cp-bookmark-monthly-container-local2 --bucket_region=eu-west-1 --processes=10 --put=update /stage/s3Data/201909/cp-bookmark-monthly-container-local2
root      9857  5.4  0.0  60036 17984 ?        S    02:10   0:12 /usr/bin/python /usr/local/bin/s3-parallel-put --bucket=cp-bookmark-monthly-container-local2 --bucket_region=eu-west-1 --processes=10 --put=update /stage/s3Data/201909/cp-bookmark-monthly-container-local2
root      9858  0.0  0.0  59904 14692 ?        S    02:10   0:00 /usr/bin/python /usr/local/bin/s3-parallel-put --bucket=cp-bookmark-monthly-container-local2 --bucket_region=eu-west-1 --processes=10 --put=update /stage/s3Data/201909/cp-bookmark-monthly-container-local2
migrate  13430  2.5  0.7 877284 454476 ?       S    Jan17  19:35 python loadPlayedAssets2S3.py cp-bookmark-monthly-container-local2 eu-west-1
migrate  18717  4.9  0.7 877308 454452 ?       S    Jan17  32:56 python loadPlayedAssets2S3.py cp-bookmark-monthly-container-local2 eu-west-1
migrate  19122  3.5  0.7 877272 454544 ?       S    Jan17  23:38 python loadPlayedAssets2S3.py cp-bookmark-monthly-container-local2 eu-west-1
migrate  21717  5.2  0.7 877548 454768 ?       S    Jan17  33:04 python loadPlayedAssets2S3.py cp-bookmark-monthly-container-local2 eu-west-1
migrate  22524  3.1  0.7 877328 454620 ?       S    Jan17  19:50 python loadPlayedAssets2S3.py cp-bookmark-monthly-container-local2 eu-west-1
migrate  22846  2.4  0.7 877304 454476 ?       S    Jan17  15:35 python loadPlayedAssets2S3.py cp-bookmark-monthly-container-local2 eu-west-1
